  -- GHS3D Version compiled Sep 27 2010 at 14:46:50
  -- READING THE DATA 
     % TetraSkinP006.mesh OPENED, VERSION 1
     NUMBER OF GIVEN VERTICES                            84
     NUMBER OF GIVEN TRIANGLES                          144
  -- DATA READING COMPLETED
 
  &&&&&&&&&&&&&&&&&&&&&&&&&&&&&&&&&&&&&&&&&&&&&&&&&&&&&&&&&&&&&&&&&&&&&&
   MODULE GHS3D-INRIA : V4.0 
  &&&&&&&&&&&&&&&&&&&&&&&&&&&&&&&&&&&&&&&&&&&&&&&&&&&&&&&&&&&&&&&&&&&&&&
 
   MAXIMUM NUMBER OF POINTS                  2478000
   MAXIMUM NUMBER OF ELEMENTS                9912000
 
  -- SURFACE MESH QUALITY                    144
     WORST ELEMENT QUALITY     1.394    
     BEST  ELEMENT QUALITY     1.000    
     WORST ELEMENT              73             70             69
 
     |------  HISTOGRAM  ------| 
 
     1. < Q <    2.  100%       144 ************************************
 
 
     ** TARGET VALUE     1.278    
 
 
  -- PHASE 1 : SPECIFIED POINTS
  -- PHASE 1 COMPLETED
 
  -- PHASE 2 : BOUNDARY REGENERATION
     ** NUMBER OF FACES :                    144
     ** NUMBER OF EDGES :                    216
  -- PHASE 2 COMPLETED
 
  -- PHASE 3 : FIELD POINTS 
  -- PHASE 3 COMPLETED
 
  THERE ARE                    216  TETRAHEDRA IN SUB-DOMAIN 
                     1
  ;;; in tetra7 npfixe                     92                   470
                   216
  ;;; out  tetra7 npfixe                     84                    84
                   216
 
  -- RESULTING MESH QUALITY                    216
     WORST ELEMENT QUALITY     1.966    
     BEST  ELEMENT QUALITY     1.366    
     WORST ELEMENT              83             45             80             42
 
     |------  HISTOGRAM  ------| 
 
     1. < Q <    2.  100%       216 ************************************
 
 
  ** NUMBER OF ELEMENTS WORSE THAN TARGET VALUE                    216
 
 
  &&&&&&&&&&&&&&&&&&&&&&&&&&&&&&&&&&&&&&&&&&&&&&&&&&&&&&&&&&&&&&&&&&&&&&
   END OF MODULE GHS3D-INRIA 
  &&&&&&&&&&&&&&&&&&&&&&&&&&&&&&&&&&&&&&&&&&&&&&&&&&&&&&&&&&&&&&&&&&&&&&
 
  -- WRITING THE OUTPUT FILES 
     a faire dans writemesh, les germsd  ???  
     <<<<<<<<<<<<<<<<<<<<<<< dans tetra5 
     % nodes3DP006.mesh OPENED, VERSION 1
     % nodes3DP006.sol OPENED, VERSION 1
     % TetraP006.mesh CREATED, VERSION 2
     % TetraP006.sol CREATED, VERSION 2
     NUMBER OF GIVEN VERTICES                            84
     NUMBER OF CREATED VERTICES                           0
     NUMBER OF VERTICES                                  84
     NUMBER OF TETRAHEDRA                               216
     NUMBER OF SUB-DOMAINS                                1
  -- WRITING COMPLETED 
 
  -- CPU REQUIREMENTS
 
  reading         10.91 %         1. calls, e.g.     0.0236400  sec/call
      delini       5.18 %         1. calls, e.g.     0.0112160  sec/call
      bndary       0.22 %         1. calls, e.g.     0.0004750  sec/call
      field        0.00 %         1. calls, e.g.     0.0000010  sec/call
  total           88.03 %         1. calls, e.g.     0.1906860  sec/call
  saving [n]boite  0.63 %         1. calls, e.g.     0.0013680  sec/call
 
     TOTAL CPU     0.21662     SEC.
           59828 ELEMENTS (          67965 ) WITHIN A MN.  FOR TetraSkinP006.mesh
 
